0 info it worked if it ends with ok
1 verbose cli [ 'C:\\Users\\sedala\\Downloads\\node-v6.6.0\\node.exe',
1 verbose cli   'C:\\Users\\sedala\\Downloads\\node-v6.6.0\\node_modules\\npm\\bin\\npm-cli.js',
1 verbose cli   'run-script',
1 verbose cli   'start' ]
2 info using npm@3.10.3
3 info using node@v6.6.0
4 verbose run-script [ 'prestart', 'start', 'poststart' ]
5 info lifecycle NodeProject@0.0.0~prestart: NodeProject@0.0.0
6 silly lifecycle NodeProject@0.0.0~prestart: no script for prestart, continuing
7 info lifecycle NodeProject@0.0.0~start: NodeProject@0.0.0
8 verbose lifecycle NodeProject@0.0.0~start: unsafe-perm in lifecycle true
9 verbose lifecycle NodeProject@0.0.0~start: PATH: C:\Users\sedala\Downloads\node-v6.6.0\node_modules\npm\bin\node-gyp-bin;C:\Users\sedala\Downloads\retry-ng2\node_modules\.bin;C:\Users\sedala\Downloads\node-v6.6.0;C:\oracle\product\10.2.0\client_1\BIN\;C:\oracle\product\10.2.0\client_1\;C:\ProgramData\Oracle\Java\javapath;C:\ORACLE32\product\11.2.0\client_1\bin;C:\Program Files (x86)\Attachmate\Reflection\;C:\Program Files\HP_Fortify\HP_Fortify_SCA_and_Apps_4.11\bin;C:\ORACLE64\product\11.2.0\client_1\bin;C:\Windows\system32;C:\Windows;C:\Windows\System32\Wbem;C:\windows\des_tools;C:\Windows\System32\WindowsPowerShell\v1.0\;C:\Windows\System32\WindowsPowerShell\v1.0\;C:\Program Files (x86)\Sennheiser\SoftphoneSDK\;C:\Program Files\AppSense\Application Manager\Agent\Plugins\EcaRulesEngine\;C:\Program Files (x86)\WebEx\Productivity Tools;C:\Windows\System32\WindowsPowerShell\v1.0\;C:\Program Files\Java\jre1.8.0_51\bin;C:\Users\sedala\AppData\Local\Programs\Git\cmd;C:\Users\sedala\Downloads\node-v6.6.0
10 verbose lifecycle NodeProject@0.0.0~start: CWD: C:\Users\sedala\Downloads\retry-ng2
11 silly lifecycle NodeProject@0.0.0~start: Args: [ '/d /s /c',
11 silly lifecycle   'concurrent --kill-others "gulp watch" "lite-server"' ]
12 silly lifecycle NodeProject@0.0.0~start: Returned: code: 1  signal: null
13 info lifecycle NodeProject@0.0.0~start: Failed to exec start script
14 verbose stack Error: NodeProject@0.0.0 start: `concurrent --kill-others "gulp watch" "lite-server"`
14 verbose stack Exit status 1
14 verbose stack     at EventEmitter.<anonymous> (C:\Users\sedala\Downloads\node-v6.6.0\node_modules\npm\lib\utils\lifecycle.js:242:16)
14 verbose stack     at emitTwo (events.js:106:13)
14 verbose stack     at EventEmitter.emit (events.js:191:7)
14 verbose stack     at ChildProcess.<anonymous> (C:\Users\sedala\Downloads\node-v6.6.0\node_modules\npm\lib\utils\spawn.js:40:14)
14 verbose stack     at emitTwo (events.js:106:13)
14 verbose stack     at ChildProcess.emit (events.js:191:7)
14 verbose stack     at maybeClose (internal/child_process.js:877:16)
14 verbose stack     at Process.ChildProcess._handle.onexit (internal/child_process.js:226:5)
15 verbose pkgid NodeProject@0.0.0
16 verbose cwd C:\Users\sedala\Downloads\retry-ng2
17 error Windows_NT 6.1.7601
18 error argv "C:\\Users\\sedala\\Downloads\\node-v6.6.0\\node.exe" "C:\\Users\\sedala\\Downloads\\node-v6.6.0\\node_modules\\npm\\bin\\npm-cli.js" "run-script" "start"
19 error node v6.6.0
20 error npm  v3.10.3
21 error code ELIFECYCLE
22 error NodeProject@0.0.0 start: `concurrent --kill-others "gulp watch" "lite-server"`
22 error Exit status 1
23 error Failed at the NodeProject@0.0.0 start script 'concurrent --kill-others "gulp watch" "lite-server"'.
23 error Make sure you have the latest version of node.js and npm installed.
23 error If you do, this is most likely a problem with the NodeProject package,
23 error not with npm itself.
23 error Tell the author that this fails on your system:
23 error     concurrent --kill-others "gulp watch" "lite-server"
23 error You can get information on how to open an issue for this project with:
23 error     npm bugs NodeProject
23 error Or if that isn't available, you can get their info via:
23 error     npm owner ls NodeProject
23 error There is likely additional logging output above.
24 verbose exit [ 1, true ]
